<?xml version="1.0" encoding="UTF-8"?>
<testsuite xmlns:xsi="http://www.w3.org/2001/XMLSchema-instance" xsi:noNamespaceSchemaLocation="https://maven.apache.org/surefire/maven-surefire-plugin/xsd/surefire-test-report.xsd" name="co.edu.javeriana.ingsoft.solid.refactor.logica.creacion.CreadorOperacionTest" time="0" tests="3" errors="0" skipped="0" failures="0">
  <properties>
[...]
</properties>
  <testcase name="getOperacionResta" classname="co.edu.javeriana.ingsoft.solid.refactor.logica.creacion.CreadorOperacionTest" time="0"/>
  <testcase name="getOperacionSuma" classname="co.edu.javeriana.ingsoft.solid.refactor.logica.creacion.CreadorOperacionTest" time="0"/>
  <testcase name="getOperacionDivision" classname="co.edu.javeriana.ingsoft.solid.refactor.logica.creacion.CreadorOperacionTest" time="0"/>
</testsuite>